Build started 5/19/2018 10:36:10 PM.
     1>Project "A:\Workspace\Game Program Design\VS17Projects\TestSdPr\TestSdPr.vcxproj" on node 2 (Build target(s)).
     1>ClCompile:
         A:\Programming\Visual Studio 2013\VC\bin\CL.exe /c /ZI /nologo /W3 /WX- /sdl /Od /Oy- /D _MBCS /Gm /EHsc /RTC1 /MDd /GS /fp:precise /Zc:wchar_t /Zc:forScope /Fo"Debug\\" /Fd"Debug\vc120.pdb" /Gd /TP /analyze- /errorReport:prompt main.cpp
         main.cpp
       Link:
         A:\Programming\Visual Studio 2013\VC\bin\link.exe /ERRORREPORT:PROMPT /OUT:"A:\Workspace\Game Program Design\VS17Projects\TestSdPr\Debug\TestSdPr.exe" /INCREMENTAL /NOLOGO SDL.lib SDLmain.lib kernel32.lib user32.lib gdi32.lib winspool.lib comdlg32.lib advapi32.lib shell32.lib ole32.lib oleaut32.lib uuid.lib odbc32.lib odbccp32.lib /MANIFEST /MANIFESTUAC:"level='asInvoker' uiAccess='false'" /manifest:embed /DEBUG /PDB:"A:\Workspace\Game Program Design\VS17Projects\TestSdPr\Debug\TestSdPr.pdb" /TLBID:1 /DYNAMICBASE /NXCOMPAT /IMPLIB:"A:\Workspace\Game Program Design\VS17Projects\TestSdPr\Debug\TestSdPr.lib" /MACHINE:X86 Debug\main.obj
     1>LINK : fatal error LNK1561: entry point must be defined
     1>Done Building Project "A:\Workspace\Game Program Design\VS17Projects\TestSdPr\TestSdPr.vcxproj" (Build target(s)) -- FAILED.

Build FAILED.

Time Elapsed 00:00:00.50
